2018-01-16 15:15:52,666 [Thread:9] INFO  - 智能货架通信模拟客户端连接服务端
2018-01-16 15:15:53,832 [Thread:9] INFO  - 智能货架通信模拟客户端连接服务端失败，10秒后重新连接！
2018-01-16 15:27:20,695 [Thread:8] INFO  - 智能货架通信模拟客户端连接服务端
2018-01-16 15:27:22,288 [Thread:8] INFO  - 智能货架通信模拟客户端连接服务端失败，10秒后重新连接！
2018-01-16 15:28:29,306 [Thread:9] INFO  - 智能货架通信模拟客户端连接服务端
2018-01-16 15:28:30,751 [Thread:9] INFO  - 智能货架通信模拟客户端连接服务端失败，10秒后重新连接！
2018-01-16 17:17:24,851 [Thread:9] INFO  - 智能货架通信模拟客户端连接服务端
2018-01-16 17:17:26,416 [Thread:9] INFO  - 智能货架通信模拟客户端连接服务端失败，10秒后重新连接！
2018-01-16 17:18:37,678 [Thread:9] INFO  - 智能货架通信模拟客户端连接服务端
2018-01-16 17:18:38,777 [Thread:9] INFO  - 智能货架通信模拟客户端连接服务端失败，10秒后重新连接！
2018-01-16 17:18:48,817 [Thread:9] INFO  - 智能货架通信模拟客户端连接服务端
2018-01-16 17:18:48,820 [Thread:10] INFO  - 智能货架通信模拟客户端已连接服务端
2018-01-16 17:18:48,820 [Thread:9] INFO  - 智能货架通信模拟客户端连接服务端成功！
2018-01-16 17:19:30,289 [Thread:9] INFO  - 智能货架通信模拟客户端连接服务端
2018-01-16 17:19:30,975 [Thread:9] INFO  - 智能货架通信模拟客户端连接服务端成功！
2018-01-16 17:19:30,976 [Thread:10] INFO  - 智能货架通信模拟客户端已连接服务端
2018-01-16 17:19:49,845 [Thread:10] INFO  - 智能货架通信模拟客户端连接已被主动断开
2018-01-16 17:19:49,845 [Thread:10] INFO  - 智能货架通信模拟客户端连接服务端
2018-01-16 23:08:39,193 [Thread:8] INFO  - 智能货架通信模拟客户端连接服务端
2018-01-16 23:08:39,732 [Thread:8] INFO  - 智能货架通信模拟客户端连接服务端成功！
2018-01-16 23:08:39,732 [Thread:9] INFO  - 智能货架通信模拟客户端已连接服务端
